<?xml version="1.0" encoding="UTF-8"?>
<!-- Generated by org.testng.reporters.JUnitReportReporter -->
<testsuite skipped="0" hostname="LAPTOP-ECP4BSNH" name="basics.SumValidation" tests="1" failures="0" timestamp="2022-05-27T07:59:44 IST" time="1.140" errors="0">
  <testcase name="sumOfCourses" time="1.140" classname="basics.SumValidation"/>
  <system-out/>
</testsuite> <!-- basics.SumValidation -->
